<?xml version="1.0" encoding="UTF-8"?>
<coverage generated="1670457124860" clover="3.2.0">
  <project timestamp="1670457124860" name="All files">
    <metrics statements="53" coveredstatements="0" conditionals="114" coveredconditionals="0" methods="17" coveredmethods="0" elements="184" coveredelements="0" complexity="0" loc="53" ncloc="53" packages="6" files="13" classes="13"/>
    <package name="src">
      <metrics statements="16" coveredstatements="0" conditionals="1" coveredconditionals="0" methods="4" coveredmethods="0"/>
      <file name="graphql.ts" path="/Users/williamhutt/Documents/work/thisdot/starter.dev-github-showcases/starter-dev-backend/src/graphql.ts">
        <metrics statements="15" coveredstatements="0" conditionals="1" coveredconditionals="0" methods="4" coveredmethods="0"/>
        <line num="1" count="0" type="stmt"/>
        <line num="2" count="0" type="stmt"/>
        <line num="3" count="0" type="stmt"/>
        <line num="4" count="0" type="stmt"/>
        <line num="7" count="0" type="stmt"/>
        <line num="14" count="0" type="stmt"/>
        <line num="15" count="0" type="stmt"/>
        <line num="19" count="0" type="stmt"/>
        <line num="27" count="0" type="stmt"/>
        <line num="28" count="0" type="stmt"/>
        <line num="46" count="0" type="stmt"/>
        <line num="47" count="0" type="cond" truecount="0" falsecount="1"/>
        <line num="48" count="0" type="stmt"/>
        <line num="50" count="0" type="stmt"/>
        <line num="53" count="0" type="stmt"/>
      </file>
      <file name="index.ts" path="/Users/williamhutt/Documents/work/thisdot/starter.dev-github-showcases/starter-dev-backend/src/index.ts">
        <metrics statements="1" coveredstatements="0" conditionals="0" coveredconditionals="0" methods="0" coveredmethods="0"/>
        <line num="1" count="0" type="stmt"/>
      </file>
    </package>
    <package name="src.formatters">
      <metrics statements="19" coveredstatements="0" conditionals="113" coveredconditionals="0" methods="8" coveredmethods="0"/>
      <file name="index.ts" path="/Users/williamhutt/Documents/work/thisdot/starter.dev-github-showcases/starter-dev-backend/src/formatters/index.ts">
        <metrics statements="3" coveredstatements="0" conditionals="0" coveredconditionals="0" methods="3" coveredmethods="0"/>
        <line num="1" count="0" type="stmt"/>
        <line num="2" count="0" type="stmt"/>
        <line num="3" count="0" type="stmt"/>
      </file>
      <file name="orgFormatter.ts" path="/Users/williamhutt/Documents/work/thisdot/starter.dev-github-showcases/starter-dev-backend/src/formatters/orgFormatter.ts">
        <metrics statements="6" coveredstatements="0" conditionals="22" coveredconditionals="0" methods="2" coveredmethods="0"/>
        <line num="3" count="0" type="stmt"/>
        <line num="4" count="0" type="cond" truecount="0" falsecount="1"/>
        <line num="5" count="0" type="stmt"/>
        <line num="8" count="0" type="cond" truecount="0" falsecount="1"/>
        <line num="9" count="0" type="stmt"/>
        <line num="18" count="0" type="stmt"/>
      </file>
      <file name="ownerFormatter.ts" path="/Users/williamhutt/Documents/work/thisdot/starter.dev-github-showcases/starter-dev-backend/src/formatters/ownerFormatter.ts">
        <metrics statements="4" coveredstatements="0" conditionals="1" coveredconditionals="0" methods="1" coveredmethods="0"/>
        <line num="3" count="0" type="stmt"/>
        <line num="4" count="0" type="cond" truecount="0" falsecount="1"/>
        <line num="5" count="0" type="stmt"/>
        <line num="8" count="0" type="stmt"/>
      </file>
      <file name="repoFormatter.ts" path="/Users/williamhutt/Documents/work/thisdot/starter.dev-github-showcases/starter-dev-backend/src/formatters/repoFormatter.ts">
        <metrics statements="6" coveredstatements="0" conditionals="90" coveredconditionals="0" methods="2" coveredmethods="0"/>
        <line num="3" count="0" type="stmt"/>
        <line num="4" count="0" type="cond" truecount="0" falsecount="1"/>
        <line num="5" count="0" type="stmt"/>
        <line num="8" count="0" type="cond" truecount="0" falsecount="1"/>
        <line num="9" count="0" type="stmt"/>
        <line num="24" count="0" type="stmt"/>
      </file>
    </package>
    <package name="src.lib">
      <metrics statements="1" coveredstatements="0" conditionals="0" coveredconditionals="0" methods="0" coveredmethods="0"/>
      <file name="constants.ts" path="/Users/williamhutt/Documents/work/thisdot/starter.dev-github-showcases/starter-dev-backend/src/lib/constants.ts">
        <metrics statements="1" coveredstatements="0" conditionals="0" coveredconditionals="0" methods="0" coveredmethods="0"/>
        <line num="1" count="0" type="stmt"/>
      </file>
    </package>
    <package name="src.schema">
      <metrics statements="7" coveredstatements="0" conditionals="0" coveredconditionals="0" methods="0" coveredmethods="0"/>
      <file name="index.ts" path="/Users/williamhutt/Documents/work/thisdot/starter.dev-github-showcases/starter-dev-backend/src/schema/index.ts">
        <metrics statements="7" coveredstatements="0" conditionals="0" coveredconditionals="0" methods="0" coveredmethods="0"/>
        <line num="1" count="0" type="stmt"/>
        <line num="2" count="0" type="stmt"/>
        <line num="3" count="0" type="stmt"/>
        <line num="4" count="0" type="stmt"/>
        <line num="6" count="0" type="stmt"/>
        <line num="7" count="0" type="stmt"/>
        <line num="9" count="0" type="stmt"/>
      </file>
    </package>
    <package name="src.schema.github">
      <metrics statements="4" coveredstatements="0" conditionals="0" coveredconditionals="0" methods="2" coveredmethods="0"/>
      <file name="github.typedefs.ts" path="/Users/williamhutt/Documents/work/thisdot/starter.dev-github-showcases/starter-dev-backend/src/schema/github/github.typedefs.ts">
        <metrics statements="2" coveredstatements="0" conditionals="0" coveredconditionals="0" methods="0" coveredmethods="0"/>
        <line num="1" count="0" type="stmt"/>
        <line num="3" count="0" type="stmt"/>
      </file>
      <file name="index.ts" path="/Users/williamhutt/Documents/work/thisdot/starter.dev-github-showcases/starter-dev-backend/src/schema/github/index.ts">
        <metrics statements="2" coveredstatements="0" conditionals="0" coveredconditionals="0" methods="2" coveredmethods="0"/>
        <line num="1" count="0" type="stmt"/>
        <line num="2" count="0" type="stmt"/>
      </file>
    </package>
    <package name="src.schema.hello">
      <metrics statements="6" coveredstatements="0" conditionals="0" coveredconditionals="0" methods="3" coveredmethods="0"/>
      <file name="hello.resolvers.ts" path="/Users/williamhutt/Documents/work/thisdot/starter.dev-github-showcases/starter-dev-backend/src/schema/hello/hello.resolvers.ts">
        <metrics statements="2" coveredstatements="0" conditionals="0" coveredconditionals="0" methods="1" coveredmethods="0"/>
        <line num="3" count="0" type="stmt"/>
        <line num="6" count="0" type="stmt"/>
      </file>
      <file name="hello.typedefs.ts" path="/Users/williamhutt/Documents/work/thisdot/starter.dev-github-showcases/starter-dev-backend/src/schema/hello/hello.typedefs.ts">
        <metrics statements="2" coveredstatements="0" conditionals="0" coveredconditionals="0" methods="0" coveredmethods="0"/>
        <line num="1" count="0" type="stmt"/>
        <line num="3" count="0" type="stmt"/>
      </file>
      <file name="index.ts" path="/Users/williamhutt/Documents/work/thisdot/starter.dev-github-showcases/starter-dev-backend/src/schema/hello/index.ts">
        <metrics statements="2" coveredstatements="0" conditionals="0" coveredconditionals="0" methods="2" coveredmethods="0"/>
        <line num="1" count="0" type="stmt"/>
        <line num="2" count="0" type="stmt"/>
      </file>
    </package>
  </project>
</coverage>
