{"/Users/williamhutt/Documents/work/thisdot/starter.dev-github-showcases/starter-dev-backend/src/graphql.ts": {"path":"/Users/williamhutt/Documents/work/thisdot/starter.dev-github-showcases/starter-dev-backend/src/graphql.ts","statementMap":{"0":{"start":{"line":1,"column":0},"end":{"line":1,"column":52}},"1":{"start":{"line":2,"column":0},"end":{"line":2,"column":84}},"2":{"start":{"line":3,"column":0},"end":{"line":3,"column":34}},"3":{"start":{"line":4,"column":0},"end":{"line":4,"column":53}},"4":{"start":{"line":7,"column":0},"end":{"line":7,"column":63}},"5":{"start":{"line":14,"column":19},"end":{"line":51,"column":1}},"6":{"start":{"line":15,"column":17},"end":{"line":45,"column":4}},"7":{"start":{"line":19,"column":6},"end":{"line":21,"column":8}},"8":{"start":{"line":27,"column":20},"end":{"line":27,"column":47}},"9":{"start":{"line":28,"column":6},"end":{"line":31,"column":8}},"10":{"start":{"line":46,"column":25},"end":{"line":46,"column":47}},"11":{"start":{"line":47,"column":2},"end":{"line":49,"column":null}},"12":{"start":{"line":48,"column":4},"end":{"line":48,"column":35}},"13":{"start":{"line":50,"column":2},"end":{"line":50,"column":50}},"14":{"start":{"line":53,"column":13},"end":{"line":53,"column":34}}},"fnMap":{"0":{"name":"(anonymous_0)","decl":{"start":{"line":14,"column":19},"end":{"line":14,"column":20}},"loc":{"start":{"line":14,"column":48},"end":{"line":51,"column":1}}},"1":{"name":"(anonymous_1)","decl":{"start":{"line":18,"column":17},"end":{"line":18,"column":20}},"loc":{"start":{"line":18,"column":22},"end":{"line":22,"column":5}}},"2":{"name":"(anonymous_2)","decl":{"start":{"line":23,"column":13},"end":{"line":23,"column":18}},"loc":{"start":{"line":26,"column":68},"end":{"line":32,"column":5}}},"3":{"name":"(anonymous_3)","decl":{"start":{"line":50,"column":40},"end":{"line":50,"column":43}},"loc":{"start":{"line":50,"column":45},"end":{"line":50,"column":48}}}},"branchMap":{"0":{"loc":{"start":{"line":47,"column":2},"end":{"line":49,"column":null}},"type":"if","locations":[{"start":{"line":47,"column":2},"end":{"line":49,"column":null}}]}},"s":{"0":0,"1":0,"2":0,"3":0,"4":0,"5":0,"6":0,"7":0,"8":0,"9":0,"10":0,"11":0,"12":0,"13":0,"14":0},"f":{"0":0,"1":0,"2":0,"3":0},"b":{"0":[0]}}
,"/Users/williamhutt/Documents/work/thisdot/starter.dev-github-showcases/starter-dev-backend/src/index.ts": {"path":"/Users/williamhutt/Documents/work/thisdot/starter.dev-github-showcases/starter-dev-backend/src/index.ts","statementMap":{"0":{"start":{"line":1,"column":0},"end":{"line":1,"column":28}}},"fnMap":{},"branchMap":{},"s":{"0":0},"f":{},"b":{}}
,"/Users/williamhutt/Documents/work/thisdot/starter.dev-github-showcases/starter-dev-backend/src/formatters/index.ts": {"path":"/Users/williamhutt/Documents/work/thisdot/starter.dev-github-showcases/starter-dev-backend/src/formatters/index.ts","statementMap":{"0":{"start":{"line":1,"column":0},"end":{"line":1,"column":9}},"1":{"start":{"line":1,"column":9},"end":{"line":1,"column":46}},"2":{"start":{"line":2,"column":0},"end":{"line":2,"column":9}},"3":{"start":{"line":2,"column":9},"end":{"line":2,"column":50}},"4":{"start":{"line":3,"column":0},"end":{"line":3,"column":9}},"5":{"start":{"line":3,"column":9},"end":{"line":3,"column":48}}},"fnMap":{"0":{"name":"(anonymous_0)","decl":{"start":{"line":1,"column":9},"end":{"line":1,"column":21}},"loc":{"start":{"line":1,"column":9},"end":{"line":1,"column":46}}},"1":{"name":"(anonymous_1)","decl":{"start":{"line":2,"column":9},"end":{"line":2,"column":23}},"loc":{"start":{"line":2,"column":9},"end":{"line":2,"column":50}}},"2":{"name":"(anonymous_2)","decl":{"start":{"line":3,"column":9},"end":{"line":3,"column":22}},"loc":{"start":{"line":3,"column":9},"end":{"line":3,"column":48}}}},"branchMap":{},"s":{"0":0,"1":0,"2":0,"3":0,"4":0,"5":0},"f":{"0":0,"1":0,"2":0},"b":{}}
,"/Users/williamhutt/Documents/work/thisdot/starter.dev-github-showcases/starter-dev-backend/src/formatters/orgFormatter.ts": {"path":"/Users/williamhutt/Documents/work/thisdot/starter.dev-github-showcases/starter-dev-backend/src/formatters/orgFormatter.ts","statementMap":{"0":{"start":{"line":3,"column":28},"end":{"line":25,"column":1}},"1":{"start":{"line":4,"column":2},"end":{"line":6,"column":null}},"2":{"start":{"line":5,"column":4},"end":{"line":5,"column":16}},"3":{"start":{"line":8,"column":2},"end":{"line":16,"column":null}},"4":{"start":{"line":9,"column":4},"end":{"line":15,"column":6}},"5":{"start":{"line":18,"column":2},"end":{"line":24,"column":6}},"6":{"start":{"line":18,"column":43},"end":{"line":24,"column":4}},"7":{"start":{"line":3,"column":13},"end":{"line":3,"column":28}}},"fnMap":{"0":{"name":"(anonymous_0)","decl":{"start":{"line":3,"column":28},"end":{"line":3,"column":29}},"loc":{"start":{"line":3,"column":49},"end":{"line":25,"column":1}}},"1":{"name":"(anonymous_1)","decl":{"start":{"line":18,"column":17},"end":{"line":18,"column":18}},"loc":{"start":{"line":18,"column":43},"end":{"line":24,"column":4}}}},"branchMap":{"0":{"loc":{"start":{"line":4,"column":2},"end":{"line":6,"column":null}},"type":"if","locations":[{"start":{"line":4,"column":2},"end":{"line":6,"column":null}}]},"1":{"loc":{"start":{"line":8,"column":2},"end":{"line":16,"column":null}},"type":"if","locations":[{"start":{"line":8,"column":2},"end":{"line":16,"column":null}}]},"2":{"loc":{"start":{"line":19,"column":12},"end":{"line":19,"column":31}},"type":"cond-expr","locations":[{"start":{"line":19,"column":19},"end":{"line":19,"column":21}},{"start":{"line":19,"column":12},"end":{"line":19,"column":31}}]},"3":{"loc":{"start":{"line":19,"column":12},"end":{"line":19,"column":21}},"type":"binary-expr","locations":[{"start":{"line":19,"column":12},"end":{"line":19,"column":21}},{"start":{"line":19,"column":12},"end":{"line":19,"column":21}}]},"4":{"loc":{"start":{"line":20,"column":11},"end":{"line":20,"column":25}},"type":"cond-expr","locations":[{"start":{"line":20,"column":18},"end":{"line":20,"column":20}},{"start":{"line":20,"column":11},"end":{"line":20,"column":25}}]},"5":{"loc":{"start":{"line":20,"column":11},"end":{"line":20,"column":20}},"type":"binary-expr","locations":[{"start":{"line":20,"column":11},"end":{"line":20,"column":20}},{"start":{"line":20,"column":11},"end":{"line":20,"column":20}}]},"6":{"loc":{"start":{"line":21,"column":10},"end":{"line":21,"column":23}},"type":"cond-expr","locations":[{"start":{"line":21,"column":17},"end":{"line":21,"column":19}},{"start":{"line":21,"column":10},"end":{"line":21,"column":23}}]},"7":{"loc":{"start":{"line":21,"column":10},"end":{"line":21,"column":19}},"type":"binary-expr","locations":[{"start":{"line":21,"column":10},"end":{"line":21,"column":19}},{"start":{"line":21,"column":10},"end":{"line":21,"column":19}}]},"8":{"loc":{"start":{"line":22,"column":18},"end":{"line":22,"column":38}},"type":"cond-expr","locations":[{"start":{"line":22,"column":25},"end":{"line":22,"column":27}},{"start":{"line":22,"column":18},"end":{"line":22,"column":38}}]},"9":{"loc":{"start":{"line":22,"column":18},"end":{"line":22,"column":27}},"type":"binary-expr","locations":[{"start":{"line":22,"column":18},"end":{"line":22,"column":27}},{"start":{"line":22,"column":18},"end":{"line":22,"column":27}}]},"10":{"loc":{"start":{"line":23,"column":16},"end":{"line":23,"column":34}},"type":"cond-expr","locations":[{"start":{"line":23,"column":23},"end":{"line":23,"column":25}},{"start":{"line":23,"column":16},"end":{"line":23,"column":34}}]},"11":{"loc":{"start":{"line":23,"column":16},"end":{"line":23,"column":25}},"type":"binary-expr","locations":[{"start":{"line":23,"column":16},"end":{"line":23,"column":25}},{"start":{"line":23,"column":16},"end":{"line":23,"column":25}}]}},"s":{"0":0,"1":0,"2":0,"3":0,"4":0,"5":0,"6":0,"7":0},"f":{"0":0,"1":0},"b":{"0":[0],"1":[0],"2":[0,0],"3":[0,0],"4":[0,0],"5":[0,0],"6":[0,0],"7":[0,0],"8":[0,0],"9":[0,0],"10":[0,0],"11":[0,0]}}
,"/Users/williamhutt/Documents/work/thisdot/starter.dev-github-showcases/starter-dev-backend/src/formatters/ownerFormatter.ts": {"path":"/Users/williamhutt/Documents/work/thisdot/starter.dev-github-showcases/starter-dev-backend/src/formatters/ownerFormatter.ts","statementMap":{"0":{"start":{"line":3,"column":30},"end":{"line":21,"column":1}},"1":{"start":{"line":4,"column":2},"end":{"line":6,"column":null}},"2":{"start":{"line":5,"column":4},"end":{"line":5,"column":16}},"3":{"start":{"line":8,"column":2},"end":{"line":20,"column":4}},"4":{"start":{"line":3,"column":13},"end":{"line":3,"column":30}}},"fnMap":{"0":{"name":"(anonymous_0)","decl":{"start":{"line":3,"column":30},"end":{"line":3,"column":31}},"loc":{"start":{"line":3,"column":47},"end":{"line":21,"column":1}}}},"branchMap":{"0":{"loc":{"start":{"line":4,"column":2},"end":{"line":6,"column":null}},"type":"if","locations":[{"start":{"line":4,"column":2},"end":{"line":6,"column":null}}]}},"s":{"0":0,"1":0,"2":0,"3":0,"4":0},"f":{"0":0},"b":{"0":[0]}}
,"/Users/williamhutt/Documents/work/thisdot/starter.dev-github-showcases/starter-dev-backend/src/formatters/repoFormatter.ts": {"path":"/Users/williamhutt/Documents/work/thisdot/starter.dev-github-showcases/starter-dev-backend/src/formatters/repoFormatter.ts","statementMap":{"0":{"start":{"line":3,"column":29},"end":{"line":37,"column":1}},"1":{"start":{"line":4,"column":2},"end":{"line":6,"column":null}},"2":{"start":{"line":5,"column":4},"end":{"line":5,"column":16}},"3":{"start":{"line":8,"column":2},"end":{"line":22,"column":null}},"4":{"start":{"line":9,"column":4},"end":{"line":21,"column":6}},"5":{"start":{"line":24,"column":2},"end":{"line":36,"column":6}},"6":{"start":{"line":24,"column":46},"end":{"line":36,"column":4}},"7":{"start":{"line":3,"column":13},"end":{"line":3,"column":29}}},"fnMap":{"0":{"name":"(anonymous_0)","decl":{"start":{"line":3,"column":29},"end":{"line":3,"column":30}},"loc":{"start":{"line":3,"column":53},"end":{"line":37,"column":1}}},"1":{"name":"(anonymous_1)","decl":{"start":{"line":24,"column":18},"end":{"line":24,"column":19}},"loc":{"start":{"line":24,"column":46},"end":{"line":36,"column":4}}}},"branchMap":{"0":{"loc":{"start":{"line":4,"column":2},"end":{"line":6,"column":null}},"type":"if","locations":[{"start":{"line":4,"column":2},"end":{"line":6,"column":null}}]},"1":{"loc":{"start":{"line":8,"column":2},"end":{"line":22,"column":null}},"type":"if","locations":[{"start":{"line":8,"column":2},"end":{"line":22,"column":null}}]},"2":{"loc":{"start":{"line":10,"column":19},"end":{"line":10,"column":36}},"type":"cond-expr","locations":[{"start":{"line":10,"column":23},"end":{"line":10,"column":25}},{"start":{"line":10,"column":19},"end":{"line":10,"column":36}}]},"3":{"loc":{"start":{"line":10,"column":19},"end":{"line":10,"column":25}},"type":"binary-expr","locations":[{"start":{"line":10,"column":19},"end":{"line":10,"column":25}},{"start":{"line":10,"column":19},"end":{"line":10,"column":25}}]},"4":{"loc":{"start":{"line":11,"column":17},"end":{"line":11,"column":34}},"type":"cond-expr","locations":[{"start":{"line":11,"column":21},"end":{"line":11,"column":23}},{"start":{"line":11,"column":17},"end":{"line":11,"column":34}}]},"5":{"loc":{"start":{"line":11,"column":17},"end":{"line":11,"column":23}},"type":"binary-expr","locations":[{"start":{"line":11,"column":17},"end":{"line":11,"column":23}},{"start":{"line":11,"column":17},"end":{"line":11,"column":23}}]},"6":{"loc":{"start":{"line":12,"column":16},"end":{"line":12,"column":31}},"type":"cond-expr","locations":[{"start":{"line":12,"column":20},"end":{"line":12,"column":22}},{"start":{"line":12,"column":16},"end":{"line":12,"column":31}}]},"7":{"loc":{"start":{"line":12,"column":16},"end":{"line":12,"column":22}},"type":"binary-expr","locations":[{"start":{"line":12,"column":16},"end":{"line":12,"column":22}},{"start":{"line":12,"column":16},"end":{"line":12,"column":22}}]},"8":{"loc":{"start":{"line":13,"column":10},"end":{"line":13,"column":18}},"type":"cond-expr","locations":[{"start":{"line":13,"column":14},"end":{"line":13,"column":16}},{"start":{"line":13,"column":10},"end":{"line":13,"column":18}}]},"9":{"loc":{"start":{"line":13,"column":10},"end":{"line":13,"column":16}},"type":"binary-expr","locations":[{"start":{"line":13,"column":10},"end":{"line":13,"column":16}},{"start":{"line":13,"column":10},"end":{"line":13,"column":16}}]},"10":{"loc":{"start":{"line":14,"column":17},"end":{"line":14,"column":30}},"type":"cond-expr","locations":[{"start":{"line":14,"column":21},"end":{"line":14,"column":23}},{"start":{"line":14,"column":17},"end":{"line":14,"column":30}}]},"11":{"loc":{"start":{"line":14,"column":17},"end":{"line":14,"column":23}},"type":"binary-expr","locations":[{"start":{"line":14,"column":17},"end":{"line":14,"column":23}},{"start":{"line":14,"column":17},"end":{"line":14,"column":23}}]},"12":{"loc":{"start":{"line":15,"column":16},"end":{"line":15,"column":30}},"type":"cond-expr","locations":[{"start":{"line":15,"column":20},"end":{"line":15,"column":22}},{"start":{"line":15,"column":16},"end":{"line":15,"column":30}}]},"13":{"loc":{"start":{"line":15,"column":16},"end":{"line":15,"column":22}},"type":"binary-expr","locations":[{"start":{"line":15,"column":16},"end":{"line":15,"column":22}},{"start":{"line":15,"column":16},"end":{"line":15,"column":22}}]},"14":{"loc":{"start":{"line":16,"column":12},"end":{"line":16,"column":22}},"type":"cond-expr","locations":[{"start":{"line":16,"column":16},"end":{"line":16,"column":18}},{"start":{"line":16,"column":12},"end":{"line":16,"column":22}}]},"15":{"loc":{"start":{"line":16,"column":12},"end":{"line":16,"column":18}},"type":"binary-expr","locations":[{"start":{"line":16,"column":12},"end":{"line":16,"column":18}},{"start":{"line":16,"column":12},"end":{"line":16,"column":18}}]},"16":{"loc":{"start":{"line":17,"column":13},"end":{"line":17,"column":24}},"type":"cond-expr","locations":[{"start":{"line":17,"column":17},"end":{"line":17,"column":19}},{"start":{"line":17,"column":13},"end":{"line":17,"column":24}}]},"17":{"loc":{"start":{"line":17,"column":13},"end":{"line":17,"column":19}},"type":"binary-expr","locations":[{"start":{"line":17,"column":13},"end":{"line":17,"column":19}},{"start":{"line":17,"column":13},"end":{"line":17,"column":19}}]},"18":{"loc":{"start":{"line":18,"column":23},"end":{"line":18,"column":45}},"type":"cond-expr","locations":[{"start":{"line":18,"column":27},"end":{"line":18,"column":29}},{"start":{"line":18,"column":23},"end":{"line":18,"column":45}}]},"19":{"loc":{"start":{"line":18,"column":23},"end":{"line":18,"column":29}},"type":"binary-expr","locations":[{"start":{"line":18,"column":23},"end":{"line":18,"column":29}},{"start":{"line":18,"column":23},"end":{"line":18,"column":29}}]},"20":{"loc":{"start":{"line":19,"column":13},"end":{"line":19,"column":24}},"type":"cond-expr","locations":[{"start":{"line":19,"column":17},"end":{"line":19,"column":19}},{"start":{"line":19,"column":13},"end":{"line":19,"column":24}}]},"21":{"loc":{"start":{"line":19,"column":13},"end":{"line":19,"column":19}},"type":"binary-expr","locations":[{"start":{"line":19,"column":13},"end":{"line":19,"column":19}},{"start":{"line":19,"column":13},"end":{"line":19,"column":19}}]},"22":{"loc":{"start":{"line":20,"column":17},"end":{"line":20,"column":33}},"type":"cond-expr","locations":[{"start":{"line":20,"column":21},"end":{"line":20,"column":23}},{"start":{"line":20,"column":17},"end":{"line":20,"column":33}}]},"23":{"loc":{"start":{"line":20,"column":17},"end":{"line":20,"column":23}},"type":"binary-expr","locations":[{"start":{"line":20,"column":17},"end":{"line":20,"column":23}},{"start":{"line":20,"column":17},"end":{"line":20,"column":23}}]},"24":{"loc":{"start":{"line":25,"column":17},"end":{"line":25,"column":38}},"type":"cond-expr","locations":[{"start":{"line":25,"column":25},"end":{"line":25,"column":27}},{"start":{"line":25,"column":17},"end":{"line":25,"column":38}}]},"25":{"loc":{"start":{"line":25,"column":17},"end":{"line":25,"column":27}},"type":"binary-expr","locations":[{"start":{"line":25,"column":17},"end":{"line":25,"column":27}},{"start":{"line":25,"column":17},"end":{"line":25,"column":27}}]},"26":{"loc":{"start":{"line":26,"column":15},"end":{"line":26,"column":36}},"type":"cond-expr","locations":[{"start":{"line":26,"column":23},"end":{"line":26,"column":25}},{"start":{"line":26,"column":15},"end":{"line":26,"column":36}}]},"27":{"loc":{"start":{"line":26,"column":15},"end":{"line":26,"column":25}},"type":"binary-expr","locations":[{"start":{"line":26,"column":15},"end":{"line":26,"column":25}},{"start":{"line":26,"column":15},"end":{"line":26,"column":25}}]},"28":{"loc":{"start":{"line":27,"column":14},"end":{"line":27,"column":33}},"type":"cond-expr","locations":[{"start":{"line":27,"column":22},"end":{"line":27,"column":24}},{"start":{"line":27,"column":14},"end":{"line":27,"column":33}}]},"29":{"loc":{"start":{"line":27,"column":14},"end":{"line":27,"column":24}},"type":"binary-expr","locations":[{"start":{"line":27,"column":14},"end":{"line":27,"column":24}},{"start":{"line":27,"column":14},"end":{"line":27,"column":24}}]},"30":{"loc":{"start":{"line":28,"column":8},"end":{"line":28,"column":20}},"type":"cond-expr","locations":[{"start":{"line":28,"column":16},"end":{"line":28,"column":18}},{"start":{"line":28,"column":8},"end":{"line":28,"column":20}}]},"31":{"loc":{"start":{"line":28,"column":8},"end":{"line":28,"column":18}},"type":"binary-expr","locations":[{"start":{"line":28,"column":8},"end":{"line":28,"column":18}},{"start":{"line":28,"column":8},"end":{"line":28,"column":18}}]},"32":{"loc":{"start":{"line":29,"column":15},"end":{"line":29,"column":32}},"type":"cond-expr","locations":[{"start":{"line":29,"column":23},"end":{"line":29,"column":25}},{"start":{"line":29,"column":15},"end":{"line":29,"column":32}}]},"33":{"loc":{"start":{"line":29,"column":15},"end":{"line":29,"column":25}},"type":"binary-expr","locations":[{"start":{"line":29,"column":15},"end":{"line":29,"column":25}},{"start":{"line":29,"column":15},"end":{"line":29,"column":25}}]},"34":{"loc":{"start":{"line":30,"column":14},"end":{"line":30,"column":32}},"type":"cond-expr","locations":[{"start":{"line":30,"column":22},"end":{"line":30,"column":24}},{"start":{"line":30,"column":14},"end":{"line":30,"column":32}}]},"35":{"loc":{"start":{"line":30,"column":14},"end":{"line":30,"column":24}},"type":"binary-expr","locations":[{"start":{"line":30,"column":14},"end":{"line":30,"column":24}},{"start":{"line":30,"column":14},"end":{"line":30,"column":24}}]},"36":{"loc":{"start":{"line":31,"column":10},"end":{"line":31,"column":24}},"type":"cond-expr","locations":[{"start":{"line":31,"column":18},"end":{"line":31,"column":20}},{"start":{"line":31,"column":10},"end":{"line":31,"column":24}}]},"37":{"loc":{"start":{"line":31,"column":10},"end":{"line":31,"column":20}},"type":"binary-expr","locations":[{"start":{"line":31,"column":10},"end":{"line":31,"column":20}},{"start":{"line":31,"column":10},"end":{"line":31,"column":20}}]},"38":{"loc":{"start":{"line":32,"column":11},"end":{"line":32,"column":26}},"type":"cond-expr","locations":[{"start":{"line":32,"column":19},"end":{"line":32,"column":21}},{"start":{"line":32,"column":11},"end":{"line":32,"column":26}}]},"39":{"loc":{"start":{"line":32,"column":11},"end":{"line":32,"column":21}},"type":"binary-expr","locations":[{"start":{"line":32,"column":11},"end":{"line":32,"column":21}},{"start":{"line":32,"column":11},"end":{"line":32,"column":21}}]},"40":{"loc":{"start":{"line":33,"column":21},"end":{"line":33,"column":47}},"type":"cond-expr","locations":[{"start":{"line":33,"column":29},"end":{"line":33,"column":31}},{"start":{"line":33,"column":21},"end":{"line":33,"column":47}}]},"41":{"loc":{"start":{"line":33,"column":21},"end":{"line":33,"column":31}},"type":"binary-expr","locations":[{"start":{"line":33,"column":21},"end":{"line":33,"column":31}},{"start":{"line":33,"column":21},"end":{"line":33,"column":31}}]},"42":{"loc":{"start":{"line":34,"column":11},"end":{"line":34,"column":26}},"type":"cond-expr","locations":[{"start":{"line":34,"column":19},"end":{"line":34,"column":21}},{"start":{"line":34,"column":11},"end":{"line":34,"column":26}}]},"43":{"loc":{"start":{"line":34,"column":11},"end":{"line":34,"column":21}},"type":"binary-expr","locations":[{"start":{"line":34,"column":11},"end":{"line":34,"column":21}},{"start":{"line":34,"column":11},"end":{"line":34,"column":21}}]},"44":{"loc":{"start":{"line":35,"column":15},"end":{"line":35,"column":35}},"type":"cond-expr","locations":[{"start":{"line":35,"column":23},"end":{"line":35,"column":25}},{"start":{"line":35,"column":15},"end":{"line":35,"column":35}}]},"45":{"loc":{"start":{"line":35,"column":15},"end":{"line":35,"column":25}},"type":"binary-expr","locations":[{"start":{"line":35,"column":15},"end":{"line":35,"column":25}},{"start":{"line":35,"column":15},"end":{"line":35,"column":25}}]}},"s":{"0":0,"1":0,"2":0,"3":0,"4":0,"5":0,"6":0,"7":0},"f":{"0":0,"1":0},"b":{"0":[0],"1":[0],"2":[0,0],"3":[0,0],"4":[0,0],"5":[0,0],"6":[0,0],"7":[0,0],"8":[0,0],"9":[0,0],"10":[0,0],"11":[0,0],"12":[0,0],"13":[0,0],"14":[0,0],"15":[0,0],"16":[0,0],"17":[0,0],"18":[0,0],"19":[0,0],"20":[0,0],"21":[0,0],"22":[0,0],"23":[0,0],"24":[0,0],"25":[0,0],"26":[0,0],"27":[0,0],"28":[0,0],"29":[0,0],"30":[0,0],"31":[0,0],"32":[0,0],"33":[0,0],"34":[0,0],"35":[0,0],"36":[0,0],"37":[0,0],"38":[0,0],"39":[0,0],"40":[0,0],"41":[0,0],"42":[0,0],"43":[0,0],"44":[0,0],"45":[0,0]}}
,"/Users/williamhutt/Documents/work/thisdot/starter.dev-github-showcases/starter-dev-backend/src/lib/constants.ts": {"path":"/Users/williamhutt/Documents/work/thisdot/starter.dev-github-showcases/starter-dev-backend/src/lib/constants.ts","statementMap":{"0":{"start":{"line":1,"column":13},"end":{"line":1,"column":57}}},"fnMap":{},"branchMap":{},"s":{"0":0},"f":{},"b":{}}
,"/Users/williamhutt/Documents/work/thisdot/starter.dev-github-showcases/starter-dev-backend/src/schema/index.ts": {"path":"/Users/williamhutt/Documents/work/thisdot/starter.dev-github-showcases/starter-dev-backend/src/schema/index.ts","statementMap":{"0":{"start":{"line":1,"column":0},"end":{"line":1,"column":69}},"1":{"start":{"line":2,"column":0},"end":{"line":2,"column":56}},"2":{"start":{"line":3,"column":0},"end":{"line":3,"column":59}},"3":{"start":{"line":4,"column":0},"end":{"line":4,"column":61}},"4":{"start":{"line":6,"column":17},"end":{"line":6,"column":63}},"5":{"start":{"line":7,"column":18},"end":{"line":7,"column":67}},"6":{"start":{"line":9,"column":13},"end":{"line":9,"column":68}}},"fnMap":{},"branchMap":{},"s":{"0":0,"1":0,"2":0,"3":0,"4":0,"5":0,"6":0},"f":{},"b":{}}
,"/Users/williamhutt/Documents/work/thisdot/starter.dev-github-showcases/starter-dev-backend/src/schema/github/github.typedefs.ts": {"path":"/Users/williamhutt/Documents/work/thisdot/starter.dev-github-showcases/starter-dev-backend/src/schema/github/github.typedefs.ts","statementMap":{"0":{"start":{"line":1,"column":0},"end":{"line":1,"column":30}},"1":{"start":{"line":3,"column":13},"end":{"line":64,"column":2}}},"fnMap":{},"branchMap":{},"s":{"0":0,"1":0},"f":{},"b":{}}
,"/Users/williamhutt/Documents/work/thisdot/starter.dev-github-showcases/starter-dev-backend/src/schema/github/index.ts": {"path":"/Users/williamhutt/Documents/work/thisdot/starter.dev-github-showcases/starter-dev-backend/src/schema/github/index.ts","statementMap":{"0":{"start":{"line":1,"column":0},"end":{"line":1,"column":9}},"1":{"start":{"line":1,"column":9},"end":{"line":1,"column":51}},"2":{"start":{"line":2,"column":0},"end":{"line":2,"column":9}},"3":{"start":{"line":2,"column":9},"end":{"line":2,"column":53}}},"fnMap":{"0":{"name":"(anonymous_0)","decl":{"start":{"line":1,"column":9},"end":{"line":1,"column":23}},"loc":{"start":{"line":1,"column":9},"end":{"line":1,"column":51}}},"1":{"name":"(anonymous_1)","decl":{"start":{"line":2,"column":9},"end":{"line":2,"column":24}},"loc":{"start":{"line":2,"column":9},"end":{"line":2,"column":53}}}},"branchMap":{},"s":{"0":0,"1":0,"2":0,"3":0},"f":{"0":0,"1":0},"b":{}}
,"/Users/williamhutt/Documents/work/thisdot/starter.dev-github-showcases/starter-dev-backend/src/schema/hello/hello.resolvers.ts": {"path":"/Users/williamhutt/Documents/work/thisdot/starter.dev-github-showcases/starter-dev-backend/src/schema/hello/hello.resolvers.ts","statementMap":{"0":{"start":{"line":3,"column":13},"end":{"line":9,"column":2}},"1":{"start":{"line":6,"column":6},"end":{"line":6,"column":34}}},"fnMap":{"0":{"name":"(anonymous_0)","decl":{"start":{"line":5,"column":11},"end":{"line":5,"column":16}},"loc":{"start":{"line":5,"column":43},"end":{"line":7,"column":5}}}},"branchMap":{},"s":{"0":0,"1":0},"f":{"0":0},"b":{}}
,"/Users/williamhutt/Documents/work/thisdot/starter.dev-github-showcases/starter-dev-backend/src/schema/hello/hello.typedefs.ts": {"path":"/Users/williamhutt/Documents/work/thisdot/starter.dev-github-showcases/starter-dev-backend/src/schema/hello/hello.typedefs.ts","statementMap":{"0":{"start":{"line":1,"column":0},"end":{"line":1,"column":30}},"1":{"start":{"line":3,"column":13},"end":{"line":8,"column":2}}},"fnMap":{},"branchMap":{},"s":{"0":0,"1":0},"f":{},"b":{}}
,"/Users/williamhutt/Documents/work/thisdot/starter.dev-github-showcases/starter-dev-backend/src/schema/hello/index.ts": {"path":"/Users/williamhutt/Documents/work/thisdot/starter.dev-github-showcases/starter-dev-backend/src/schema/hello/index.ts","statementMap":{"0":{"start":{"line":1,"column":0},"end":{"line":1,"column":9}},"1":{"start":{"line":1,"column":9},"end":{"line":1,"column":49}},"2":{"start":{"line":2,"column":0},"end":{"line":2,"column":9}},"3":{"start":{"line":2,"column":9},"end":{"line":2,"column":51}}},"fnMap":{"0":{"name":"(anonymous_0)","decl":{"start":{"line":1,"column":9},"end":{"line":1,"column":22}},"loc":{"start":{"line":1,"column":9},"end":{"line":1,"column":49}}},"1":{"name":"(anonymous_1)","decl":{"start":{"line":2,"column":9},"end":{"line":2,"column":23}},"loc":{"start":{"line":2,"column":9},"end":{"line":2,"column":51}}}},"branchMap":{},"s":{"0":0,"1":0,"2":0,"3":0},"f":{"0":0,"1":0},"b":{}}
}
